# JRE version: OpenJDK Runtime Environment (23.0+36) (build 23+36-2368)
# Java VM: OpenJDK 64-Bit Server VM (23+36-2368, mixed mode, sharing, tiered, compressed oops, compressed class ptrs, g1 gc, linux-amd64)
GC Precious Log:
 CardTable entry size: 512
 Card Set container configuration: InlinePtr #cards 4 size 8 Array Of Cards #cards 32 size 80 Howl #buckets 8 coarsen threshold 7372 Howl Bitmap #cards 1024 size 144 coarsen threshold 921 Card regions per heap region 1 cards per card region 8192
 CPUs: 16 total, 16 available
 Memory: 32015M
 Large Page Support: Disabled
 NUMA Support: Disabled
 Compressed Oops: Enabled (Zero based)
 Heap Region Size: 4M
 Heap Min Capacity: 8M
 Heap Initial Capacity: 504M
 Heap Max Capacity: 8004M
 Pre-touch: Disabled
 Parallel Workers: 13
 Concurrent Workers: 3
 Concurrent Refinement Workers: 13
 Periodic GC: Disabled
Heap:
 garbage-first heap   total reserved 8196096K, committed 81920K, used 50165K [0x000000060bc00000, 0x0000000800000000)
  region size 4096K, 8 young (32768K), 2 survivors (8192K)
 Metaspace       used 70421K, committed 71168K, reserved 1114112K
  class space    used 9828K, committed 10176K, reserved 1048576K
GC Heap History (20 events):
Event: 0,312 GC heap before
{Heap before GC invocations=0 (full 0):
 garbage-first heap   total reserved 8196096K, committed 520192K, used 25721K [0x000000060bc00000, 0x0000000800000000)
  region size 4096K, 6 young (24576K), 0 survivors (0K)
 Metaspace       used 5411K, committed 5632K, reserved 1114112K
  class space    used 622K, committed 704K, reserved 1048576K
}
Event: 0,314 GC heap after
{Heap after GC invocations=1 (full 0):
 garbage-first heap   total reserved 8196096K, committed 520192K, used 7981K [0x000000060bc00000, 0x0000000800000000)
  region size 4096K, 1 young (4096K), 1 survivors (4096K)
 Metaspace       used 5411K, committed 5632K, reserved 1114112K
  class space    used 622K, committed 704K, reserved 1048576K
}
Event: 0,577 GC heap before
{Heap before GC invocations=1 (full 0):
 garbage-first heap   total reserved 8196096K, committed 520192K, used 28461K [0x000000060bc00000, 0x0000000800000000)
  region size 4096K, 6 young (24576K), 1 survivors (4096K)
 Metaspace       used 10787K, committed 11072K, reserved 1114112K
  class space    used 1337K, committed 1472K, reserved 1048576K
}
Event: 0,579 GC heap after
{Heap after GC invocations=2 (full 0):
 garbage-first heap   total reserved 8196096K, committed 520192K, used 10714K [0x000000060bc00000, 0x0000000800000000)
  region size 4096K, 1 young (4096K), 1 survivors (4096K)
 Metaspace       used 10787K, committed 11072K, reserved 1114112K
  class space    used 1337K, committed 1472K, reserved 1048576K
}
Event: 0,813 GC heap before
{Heap before GC invocations=2 (full 0):
 garbage-first heap   total reserved 8196096K, committed 520192K, used 47578K [0x000000060bc00000, 0x0000000800000000)
  region size 4096K, 12 young (49152K), 1 survivors (4096K)
 Metaspace       used 21202K, committed 21504K, reserved 1114112K
  class space    used 2664K, committed 2816K, reserved 1048576K
}
Event: 0,815 GC heap after
{Heap after GC invocations=3 (full 0):
 garbage-first heap   total reserved 8196096K, committed 520192K, used 13885K [0x000000060bc00000, 0x0000000800000000)
  region size 4096K, 2 young (8192K), 2 survivors (8192K)
 Metaspace       used 21202K, committed 21504K, reserved 1114112K
  class space    used 2664K, committed 2816K, reserved 1048576K
}
Event: 1,345 GC heap before
{Heap before GC invocations=4 (full 0):
 garbage-first heap   total reserved 8196096K, committed 69632K, used 63037K [0x000000060bc00000, 0x0000000800000000)
  region size 4096K, 14 young (57344K), 2 survivors (8192K)
 Metaspace       used 28325K, committed 28800K, reserved 1114112K
  class space    used 3624K, committed 3840K, reserved 1048576K
}
Event: 1,349 GC heap after
{Heap after GC invocations=5 (full 0):
 garbage-first heap   total reserved 8196096K, committed 81920K, used 18443K [0x000000060bc00000, 0x0000000800000000)
  region size 4096K, 3 young (12288K), 3 survivors (12288K)
 Metaspace       used 28325K, committed 28800K, reserved 1114112K
  class space    used 3624K, committed 3840K, reserved 1048576K
}
Event: 1,710 GC heap before
{Heap before GC invocations=5 (full 0):
 garbage-first heap   total reserved 8196096K, committed 81920K, used 51211K [0x000000060bc00000, 0x0000000800000000)
  region size 4096K, 11 young (45056K), 3 survivors (12288K)
 Metaspace       used 33875K, committed 34368K, reserved 1114112K
  class space    used 4392K, committed 4608K, reserved 1048576K
}
Event: 1,715 GC heap after
{Heap after GC invocations=6 (full 0):
 garbage-first heap   total reserved 8196096K, committed 81920K, used 21175K [0x000000060bc00000, 0x0000000800000000)
  region size 4096K, 1 young (4096K), 1 survivors (4096K)
 Metaspace       used 33875K, committed 34368K, reserved 1114112K
  class space    used 4392K, committed 4608K, reserved 1048576K
}
Event: 1,814 GC heap before
{Heap before GC invocations=6 (full 0):
 garbage-first heap   total reserved 8196096K, committed 81920K, used 29367K [0x000000060bc00000, 0x0000000800000000)
  region size 4096K, 4 young (16384K), 1 survivors (4096K)
 Metaspace       used 35638K, committed 36096K, reserved 1114112K
  class space    used 4651K, committed 4864K, reserved 1048576K
}
Event: 1,815 GC heap after
{Heap after GC invocations=7 (full 0):
 garbage-first heap   total reserved 8196096K, committed 81920K, used 21114K [0x000000060bc00000, 0x0000000800000000)
  region size 4096K, 1 young (4096K), 1 survivors (4096K)
 Metaspace       used 35638K, committed 36096K, reserved 1114112K
  class space    used 4651K, committed 4864K, reserved 1048576K
}
Event: 2,347 GC heap before
{Heap before GC invocations=8 (full 0):
 garbage-first heap   total reserved 8196096K, committed 81920K, used 57978K [0x000000060bc00000, 0x0000000800000000)
  region size 4096K, 10 young (40960K), 1 survivors (4096K)
 Metaspace       used 45061K, committed 45696K, reserved 1114112K
  class space    used 5997K, committed 6272K, reserved 1048576K
}
Event: 2,350 GC heap after
{Heap after GC invocations=9 (full 0):
 garbage-first heap   total reserved 8196096K, committed 81920K, used 23969K [0x000000060bc00000, 0x0000000800000000)
  region size 4096K, 2 young (8192K), 2 survivors (8192K)
 Metaspace       used 45061K, committed 45696K, reserved 1114112K
  class space    used 5997K, committed 6272K, reserved 1048576K
}
Event: 2,681 GC heap before
{Heap before GC invocations=9 (full 0):
 garbage-first heap   total reserved 8196096K, committed 81920K, used 60833K [0x000000060bc00000, 0x0000000800000000)
  region size 4096K, 11 young (45056K), 2 survivors (8192K)
 Metaspace       used 55164K, committed 55808K, reserved 1114112K
  class space    used 7525K, committed 7808K, reserved 1048576K
}
Event: 2,685 GC heap after
{Heap after GC invocations=10 (full 0):
 garbage-first heap   total reserved 8196096K, committed 81920K, used 24847K [0x000000060bc00000, 0x0000000800000000)
  region size 4096K, 2 young (8192K), 2 survivors (8192K)
 Metaspace       used 55164K, committed 55808K, reserved 1114112K
  class space    used 7525K, committed 7808K, reserved 1048576K
}
Event: 2,872 GC heap before
{Heap before GC invocations=10 (full 0):
 garbage-first heap   total reserved 8196096K, committed 81920K, used 41231K [0x000000060bc00000, 0x0000000800000000)
  region size 4096K, 7 young (28672K), 2 survivors (8192K)
 Metaspace       used 59977K, committed 60608K, reserved 1114112K
  class space    used 8301K, committed 8576K, reserved 1048576K
}
Event: 2,874 GC heap after
{Heap after GC invocations=11 (full 0):
 garbage-first heap   total reserved 8196096K, committed 81920K, used 26214K [0x000000060bc00000, 0x0000000800000000)
  region size 4096K, 1 young (4096K), 1 survivors (4096K)
 Metaspace       used 59977K, committed 60608K, reserved 1114112K
  class space    used 8301K, committed 8576K, reserved 1048576K
}
Event: 3,290 GC heap before
{Heap before GC invocations=12 (full 0):
 garbage-first heap   total reserved 8196096K, committed 81920K, used 63078K [0x000000060bc00000, 0x0000000800000000)
  region size 4096K, 10 young (40960K), 1 survivors (4096K)
 Metaspace       used 66040K, committed 66752K, reserved 1114112K
  class space    used 9227K, committed 9536K, reserved 1048576K
}
Event: 3,292 GC heap after
{Heap after GC invocations=13 (full 0):
 garbage-first heap   total reserved 8196096K, committed 81920K, used 29685K [0x000000060bc00000, 0x0000000800000000)
  region size 4096K, 2 young (8192K), 2 survivors (8192K)
 Metaspace       used 66040K, committed 66752K, reserved 1114112K
  class space    used 9227K, committed 9536K, reserved 1048576K
}

